#
# There is insufficient memory for the Java Runtime Environment to continue.
# Native memory allocation (malloc) failed to allocate 666816 bytes for Chunk::new
# Possible reasons:
#   The system is out of physical RAM or swap space
#   In 32 bit mode, the process size limit was hit
# Possible solutions:
#   Reduce memory load on the system
#   Increase physical memory or swap space
#   Check if swap backing store is full
#   Use 64 bit Java on a 64 bit OS
#   Decrease Java heap size (-Xmx/-Xms)
#   Decrease number of Java threads
#   Decrease Java thread stack sizes (-Xss)
#   Set larger code cache with -XX:ReservedCodeCacheSize=
# This output file may be truncated or incomplete.
#
#  Out of Memory Error (allocation.cpp:390), pid=4124, tid=0x0000000000002edc
#
# JRE version: Java(TM) SE Runtime Environment (8.0_144-b01) (build 1.8.0_144-b01)
# Java VM: Java HotSpot(TM) 64-Bit Server VM (25.144-b01 mixed mode windows-amd64 compressed oops)
# Failed to write core dump. Minidumps are not enabled by default on client versions of Windows
#

---------------  T H R E A D  ---------------

Current thread (0x00000000196fd000):  JavaThread "C2 CompilerThread2" daemon [_thread_in_native, id=11996, stack(0x0000000019f60000,0x000000001a060000)]

Stack: [0x0000000019f60000,0x000000001a060000]
[error occurred during error reporting (printing stack bounds), id 0xc0000005]

Native frames: (J=compiled Java code, j=interpreted, Vv=VM code, C=native code)


Current CompileTask:
C2:  90189 7066   !   4       org.springframework.web.servlet.mvc.condition.ProducesRequestCondition::getMatchingCondition (133 bytes)


---------------  P R O C E S S  ---------------

Java Threads: ( => current thread )
  0x000000002127c000 JavaThread "C3P0PooledConnectionPoolManager[identityToken->1hge9jda579ro2l18ip2zc|2adddc06]-HelperThread-#2" daemon [_thread_blocked, id=18800, stack(0x00000000246d0000,0x00000000247d0000)]
  0x0000000021279000 JavaThread "C3P0PooledConnectionPoolManager[identityToken->1hge9jda579ro2l18ip2zc|2adddc06]-HelperThread-#1" daemon [_thread_blocked, id=16436, stack(0x00000000245d0000,0x00000000246d0000)]
  0x000000002127f800 JavaThread "C3P0PooledConnectionPoolManager[identityToken->1hge9jda579ro2l18ip2zc|2adddc06]-HelperThread-#0" daemon [_thread_blocked, id=17872, stack(0x00000000244d0000,0x00000000245d0000)]
  0x000000002127e000 JavaThread "C3P0PooledConnectionPoolManager[identityToken->1hge9jda579ro2l18ip2zc|2adddc06]-AdminTaskTimer" daemon [_thread_blocked, id=11768, stack(0x00000000243d0000,0x00000000244d0000)]
  0x000000002127c800 JavaThread "DestroyJavaVM" [_thread_blocked, id=10644, stack(0x0000000002600000,0x0000000002700000)]
  0x000000002127f000 JavaThread "http-nio-8080-AsyncTimeout" daemon [_thread_blocked, id=6868, stack(0x0000000023080000,0x0000000023180000)]
  0x000000002127b000 JavaThread "http-nio-8080-Acceptor-0" daemon [_thread_in_native, id=9100, stack(0x0000000022f80000,0x0000000023080000)]
  0x0000000019704800 JavaThread "http-nio-8080-ClientPoller-1" daemon [_thread_in_native, id=2000, stack(0x0000000022e80000,0x0000000022f80000)]
  0x0000000019705800 JavaThread "http-nio-8080-ClientPoller-0" daemon [_thread_in_native, id=11940, stack(0x0000000022d80000,0x0000000022e80000)]
  0x0000000019704000 JavaThread "http-nio-8080-exec-10" daemon [_thread_blocked, id=5004, stack(0x0000000022c80000,0x0000000022d80000)]
  0x0000000019703000 JavaThread "http-nio-8080-exec-9" daemon [_thread_blocked, id=8504, stack(0x0000000022b80000,0x0000000022c80000)]
  0x0000000019702800 JavaThread "http-nio-8080-exec-8" daemon [_thread_blocked, id=17236, stack(0x0000000022a80000,0x0000000022b80000)]
  0x0000000019701800 JavaThread "http-nio-8080-exec-7" daemon [_thread_blocked, id=8424, stack(0x0000000022980000,0x0000000022a80000)]
  0x0000000019707800 JavaThread "http-nio-8080-exec-6" daemon [_thread_blocked, id=19168, stack(0x0000000022880000,0x0000000022980000)]
  0x0000000019706000 JavaThread "http-nio-8080-exec-5" daemon [_thread_blocked, id=6136, stack(0x0000000022780000,0x0000000022880000)]
  0x0000000019708800 JavaThread "http-nio-8080-exec-4" daemon [_thread_blocked, id=12840, stack(0x0000000022680000,0x0000000022780000)]
  0x000000001c889000 JavaThread "http-nio-8080-exec-3" daemon [_thread_blocked, id=16252, stack(0x0000000022580000,0x0000000022680000)]
  0x000000001fa88800 JavaThread "http-nio-8080-exec-2" daemon [_thread_blocked, id=18828, stack(0x0000000022060000,0x0000000022160000)]
  0x0000000021311800 JavaThread "http-nio-8080-exec-1" daemon [_thread_blocked, id=3036, stack(0x0000000021f60000,0x0000000022060000)]
  0x000000001ef4d800 JavaThread "NioBlockingSelector.BlockPoller-1" daemon [_thread_in_native, id=16928, stack(0x00000000217a0000,0x00000000218a0000)]
  0x000000001e555000 JavaThread "Abandoned connection cleanup thread" daemon [_thread_blocked, id=12428, stack(0x00000000216a0000,0x00000000217a0000)]
  0x000000001f960000 JavaThread "container-0" [_thread_blocked, id=6776, stack(0x0000000020270000,0x0000000020370000)]
  0x000000001ef57000 JavaThread "ContainerBackgroundProcessor[StandardEngine[Tomcat]]" daemon [_thread_blocked, id=13324, stack(0x0000000020170000,0x0000000020270000)]
  0x0000000019741000 JavaThread "Service Thread" daemon [_thread_blocked, id=19884, stack(0x000000001a160000,0x000000001a260000)]
  0x0000000019707000 JavaThread "C1 CompilerThread3" daemon [_thread_blocked, id=11232, stack(0x000000001a060000,0x000000001a160000)]
=>0x00000000196fd000 JavaThread "C2 CompilerThread2" daemon [_thread_in_native, id=11996, stack(0x0000000019f60000,0x000000001a060000)]
  0x00000000196f6800 JavaThread "C2 CompilerThread1" daemon [_thread_blocked, id=14008, stack(0x0000000019e60000,0x0000000019f60000)]
  0x00000000196f2000 JavaThread "C2 CompilerThread0" daemon [_thread_blocked, id=12168, stack(0x0000000019d60000,0x0000000019e60000)]
  0x00000000196ef800 JavaThread "Attach Listener" daemon [_thread_blocked, id=10680, stack(0x0000000019c60000,0x0000000019d60000)]
  0x0000000019699000 JavaThread "Signal Dispatcher" daemon [_thread_blocked, id=11872, stack(0x0000000019b60000,0x0000000019c60000)]
  0x0000000019680800 JavaThread "Finalizer" daemon [_thread_blocked, id=11804, stack(0x0000000019a60000,0x0000000019b60000)]
  0x0000000002879800 JavaThread "Reference Handler" daemon [_thread_blocked, id=6156, stack(0x0000000019560000,0x0000000019660000)]

Other Threads:
  0x0000000017779000 VMThread [stack: 0x0000000019460000,0x0000000019560000] [id=13264]
  0x0000000019748000 WatcherThread [stack: 0x000000001a260000,0x000000001a360000] [id=15204]

VM state:not at safepoint (normal execution)

VM Mutex/Monitor currently owned by a thread: None

Heap:
 PSYoungGen      total 376832K, used 166534K [0x00000000d6200000, 0x00000000f6280000, 0x0000000100000000)
  eden space 339968K, 45% used [0x00000000d6200000,0x00000000dfa343e8,0x00000000eae00000)
  from space 36864K, 28% used [0x00000000eae00000,0x00000000eb86d648,0x00000000ed200000)
  to   space 34816K, 0% used [0x00000000f4080000,0x00000000f4080000,0x00000000f6280000)
 ParOldGen       total 173568K, used 77241K [0x0000000082600000, 0x000000008cf80000, 0x00000000d6200000)
  object space 173568K, 44% used [0x0000000082600000,0x000000008716e790,0x000000008cf80000)
 Metaspace       used 45774K, capacity 46511K, committed 46592K, reserved 1089536K
  class space    used 5405K, capacity 5575K, committed 5632K, reserved 1048576K

Card table byte_map: [0x0000000011c40000,0x0000000012030000] byte_map_base: 0x000000001182d000

Marking Bits: (ParMarkBitMap*) 0x0000000059d6d850
 Begin Bits: [0x0000000012ad0000, 0x0000000014a38000)
 End Bits:   [0x0000000014a38000, 0x00000000169a0000)

Polling page: 0x0000000000a60000

CodeCache: size=245760Kb used=23202Kb max_used=23216Kb free=222557Kb
 bounds [0x0000000002880000, 0x0000000003f50000, 0x0000000011880000]
 total_blobs=6659 nmethods=6151 adapters=420
 compilation: enabled

Compilation events (10 events):
Event: 90.147 Thread 0x00000000196f6800 7065       4       org.springframework.web.servlet.mvc.condition.HeadersRequestCondition::getMatchingCondition (55 bytes)
Event: 90.147 Thread 0x0000000019707000 nmethod 7062 0x0000000003f38a10 code [0x0000000003f38c80, 0x0000000003f3a5c8]
Event: 90.147 Thread 0x0000000019707000 7063       3       org.apache.catalina.connector.Request::parseLocales (121 bytes)
Event: 90.148 Thread 0x00000000196fd000 nmethod 7064 0x0000000003f38590 code [0x0000000003f386e0, 0x0000000003f387d8]
Event: 90.148 Thread 0x00000000196fd000 7066   !   4       org.springframework.web.servlet.mvc.condition.ProducesRequestCondition::getMatchingCondition (133 bytes)
Event: 90.148 Thread 0x0000000019707000 nmethod 7063 0x0000000003f3bb90 code [0x0000000003f3be80, 0x0000000003f3d3f8]
Event: 90.148 Thread 0x00000000196f6800 nmethod 7065 0x0000000003f3b6d0 code [0x0000000003f3b820, 0x0000000003f3b948]
Event: 90.150 Thread 0x0000000019707000 7067       3       org.apache.catalina.connector.Response::setHeader (70 bytes)
Event: 90.151 Thread 0x0000000019707000 nmethod 7067 0x0000000003f3fc50 code [0x0000000003f3fe40, 0x0000000003f40858]
Event: 90.153 Thread 0x00000000196f2000 nmethod 7041 0x0000000003f43090 code [0x0000000003f432c0, 0x0000000003f43fa0]

GC Heap History (10 events):
Event: 61.322 GC heap before
{Heap before GC invocations=14 (full 2):
 PSYoungGen      total 208896K, used 208894K [0x00000000d6200000, 0x00000000e8b80000, 0x0000000100000000)
  eden space 192512K, 100% used [0x00000000d6200000,0x00000000e1e00000,0x00000000e1e00000)
  from space 16384K, 99% used [0x00000000e1e00000,0x00000000e2dffaa0,0x00000000e2e00000)
  to   space 19456K, 0% used [0x00000000e7880000,0x00000000e7880000,0x00000000e8b80000)
 ParOldGen       total 90112K, used 23743K [0x0000000082600000, 0x0000000087e00000, 0x00000000d6200000)
  object space 90112K, 26% used [0x0000000082600000,0x0000000083d2fdb8,0x0000000087e00000)
 Metaspace       used 45494K, capacity 46213K, committed 46336K, reserved 1089536K
  class space    used 5396K, capacity 5568K, committed 5632K, reserved 1048576K
Event: 61.356 GC heap after
Heap after GC invocations=14 (full 2):
 PSYoungGen      total 266752K, used 19445K [0x00000000d6200000, 0x00000000eb300000, 0x0000000100000000)
  eden space 247296K, 0% used [0x00000000d6200000,0x00000000d6200000,0x00000000e5380000)
  from space 19456K, 99% used [0x00000000e7880000,0x00000000e8b7d600,0x00000000e8b80000)
  to   space 37888K, 0% used [0x00000000e5380000,0x00000000e5380000,0x00000000e7880000)
 ParOldGen       total 90112K, used 66935K [0x0000000082600000, 0x0000000087e00000, 0x00000000d6200000)
  object space 90112K, 74% used [0x0000000082600000,0x000000008675df38,0x0000000087e00000)
 Metaspace       used 45494K, capacity 46213K, committed 46336K, reserved 1089536K
  class space    used 5396K, capacity 5568K, committed 5632K, reserved 1048576K
}
Event: 62.313 GC heap before
{Heap before GC invocations=15 (full 2):
 PSYoungGen      total 266752K, used 266741K [0x00000000d6200000, 0x00000000eb300000, 0x0000000100000000)
  eden space 247296K, 100% used [0x00000000d6200000,0x00000000e5380000,0x00000000e5380000)
  from space 19456K, 99% used [0x00000000e7880000,0x00000000e8b7d600,0x00000000e8b80000)
  to   space 37888K, 0% used [0x00000000e5380000,0x00000000e5380000,0x00000000e7880000)
 ParOldGen       total 90112K, used 66935K [0x0000000082600000, 0x0000000087e00000, 0x00000000d6200000)
  object space 90112K, 74% used [0x0000000082600000,0x000000008675df38,0x0000000087e00000)
 Metaspace       used 45571K, capacity 46277K, committed 46592K, reserved 1089536K
  class space    used 5396K, capacity 5568K, committed 5632K, reserved 1048576K
Event: 62.324 GC heap after
Heap after GC invocations=15 (full 2):
 PSYoungGen      total 285184K, used 7046K [0x00000000d6200000, 0x00000000ef600000, 0x0000000100000000)
  eden space 247296K, 0% used [0x00000000d6200000,0x00000000d6200000,0x00000000e5380000)
  from space 37888K, 18% used [0x00000000e5380000,0x00000000e5a61898,0x00000000e7880000)
  to   space 36864K, 0% used [0x00000000ed200000,0x00000000ed200000,0x00000000ef600000)
 ParOldGen       total 90112K, used 86290K [0x0000000082600000, 0x0000000087e00000, 0x00000000d6200000)
  object space 90112K, 95% used [0x0000000082600000,0x0000000087a449c8,0x0000000087e00000)
 Metaspace       used 45571K, capacity 46277K, committed 46592K, reserved 1089536K
  class space    used 5396K, capacity 5568K, committed 5632K, reserved 1048576K
}
Event: 62.324 GC heap before
{Heap before GC invocations=16 (full 3):
 PSYoungGen      total 285184K, used 7046K [0x00000000d6200000, 0x00000000ef600000, 0x0000000100000000)
  eden space 247296K, 0% used [0x00000000d6200000,0x00000000d6200000,0x00000000e5380000)
  from space 37888K, 18% used [0x00000000e5380000,0x00000000e5a61898,0x00000000e7880000)
  to   space 36864K, 0% used [0x00000000ed200000,0x00000000ed200000,0x00000000ef600000)
 ParOldGen       total 90112K, used 86290K [0x0000000082600000, 0x0000000087e00000, 0x00000000d6200000)
  object space 90112K, 95% used [0x0000000082600000,0x0000000087a449c8,0x0000000087e00000)
 Metaspace       used 45571K, capacity 46277K, committed 46592K, reserved 1089536K
  class space    used 5396K, capacity 5568K, committed 5632K, reserved 1048576K
Event: 62.563 GC heap after
Heap after GC invocations=16 (full 3):
 PSYoungGen      total 285184K, used 0K [0x00000000d6200000, 0x00000000ef600000, 0x0000000100000000)
  eden space 247296K, 0% used [0x00000000d6200000,0x00000000d6200000,0x00000000e5380000)
  from space 37888K, 0% used [0x00000000e5380000,0x00000000e5380000,0x00000000e7880000)
  to   space 36864K, 0% used [0x00000000ed200000,0x00000000ed200000,0x00000000ef600000)
 ParOldGen       total 173568K, used 75674K [0x0000000082600000, 0x000000008cf80000, 0x00000000d6200000)
  object space 173568K, 43% used [0x0000000082600000,0x0000000086fe6950,0x000000008cf80000)
 Metaspace       used 45571K, capacity 46277K, committed 46592K, reserved 1089536K
  class space    used 5396K, capacity 5568K, committed 5632K, reserved 1048576K
}
Event: 76.259 GC heap before
{Heap before GC invocations=17 (full 3):
 PSYoungGen      total 285184K, used 247296K [0x00000000d6200000, 0x00000000ef600000, 0x0000000100000000)
  eden space 247296K, 100% used [0x00000000d6200000,0x00000000e5380000,0x00000000e5380000)
  from space 37888K, 0% used [0x00000000e5380000,0x00000000e5380000,0x00000000e7880000)
  to   space 36864K, 0% used [0x00000000ed200000,0x00000000ed200000,0x00000000ef600000)
 ParOldGen       total 173568K, used 75674K [0x0000000082600000, 0x000000008cf80000, 0x00000000d6200000)
  object space 173568K, 43% used [0x0000000082600000,0x0000000086fe6950,0x000000008cf80000)
 Metaspace       used 45676K, capacity 46429K, committed 46592K, reserved 1089536K
  class space    used 5403K, capacity 5572K, committed 5632K, reserved 1048576K
Event: 76.275 GC heap after
Heap after GC invocations=17 (full 3):
 PSYoungGen      total 376832K, used 1735K [0x00000000d6200000, 0x00000000ef680000, 0x0000000100000000)
  eden space 339968K, 0% used [0x00000000d6200000,0x00000000d6200000,0x00000000eae00000)
  from space 36864K, 4% used [0x00000000ed200000,0x00000000ed3b1c68,0x00000000ef600000)
  to   space 36864K, 0% used [0x00000000eae00000,0x00000000eae00000,0x00000000ed200000)
 ParOldGen       total 173568K, used 75682K [0x0000000082600000, 0x000000008cf80000, 0x00000000d6200000)
  object space 173568K, 43% used [0x0000000082600000,0x0000000086fe8950,0x000000008cf80000)
 Metaspace       used 45676K, capacity 46429K, committed 46592K, reserved 1089536K
  class space    used 5403K, capacity 5572K, committed 5632K, reserved 1048576K
}
Event: 81.739 GC heap before
{Heap before GC invocations=18 (full 3):
 PSYoungGen      total 376832K, used 341703K [0x00000000d6200000, 0x00000000ef680000, 0x0000000100000000)
  eden space 339968K, 100% used [0x00000000d6200000,0x00000000eae00000,0x00000000eae00000)
  from space 36864K, 4% used [0x00000000ed200000,0x00000000ed3b1c68,0x00000000ef600000)
  to   space 36864K, 0% used [0x00000000eae00000,0x00000000eae00000,0x00000000ed200000)
 ParOldGen       total 173568K, used 75682K [0x0000000082600000, 0x000000008cf80000, 0x00000000d6200000)
  object space 173568K, 43% used [0x0000000082600000,0x0000000086fe8950,0x000000008cf80000)
 Metaspace       used 45743K, capacity 46447K, committed 46592K, reserved 1089536K
  class space    used 5405K, capacity 5575K, committed 5632K, reserved 1048576K
Event: 81.750 GC heap after
Heap after GC invocations=18 (full 3):
 PSYoungGen      total 376832K, used 10677K [0x00000000d6200000, 0x00000000f6280000, 0x0000000100000000)
  eden space 339968K, 0% used [0x00000000d6200000,0x00000000d6200000,0x00000000eae00000)
  from space 36864K, 28% used [0x00000000eae00000,0x00000000eb86d648,0x00000000ed200000)
  to   space 34816K, 0% used [0x00000000f4080000,0x00000000f4080000,0x00000000f6280000)
 ParOldGen       total 173568K, used 77241K [0x0000000082600000, 0x000000008cf80000, 0x00000000d6200000)
  object space 173568K, 44% used [0x0000000082600000,0x000000008716e790,0x000000008cf80000)
 Metaspace       used 45743K, capacity 46447K, committed 46592K, reserved 1089536K
  class space    used 5405K, capacity 5575K, committed 5632K, reserved 1048576K
}

Deoptimization events (10 events):
Event: 62.194 Thread 0x0000000019702800 Uncommon trap: reason=class_check action=maybe_recompile pc=0x0000000003cc45ac method=java.util.regex.Pattern$Curly.match(Ljava/util/regex/Matcher;ILjava/lang/CharSequence;)Z @ 19
Event: 62.194 Thread 0x0000000019702800 Uncommon trap: reason=class_check action=maybe_recompile pc=0x0000000003cc45ac method=java.util.regex.Pattern$Curly.match(Ljava/util/regex/Matcher;ILjava/lang/CharSequence;)Z @ 19
Event: 62.563 Thread 0x0000000002879800 Uncommon trap: reason=unstable_if action=reinterpret pc=0x0000000003501434 method=java.lang.ref.Reference.tryHandlePending(Z)Z @ 20
Event: 62.698 Thread 0x0000000019702800 Uncommon trap: reason=unstable_if action=reinterpret pc=0x0000000003dbb2a8 method=com.hankcs.hanlp.dictionary.nr.PersonDictionary.parsePattern(Ljava/util/List;Ljava/util/List;Lcom/hankcs/hanlp/seg/common/WordNet;Lcom/hankcs/hanlp/seg/common/WordNet;)V @ 2
Event: 63.023 Thread 0x0000000019702800 Uncommon trap: reason=class_check action=maybe_recompile pc=0x0000000002f0e2f0 method=java.util.Collections$ReverseComparator.compare(Ljava/lang/Object;Ljava/lang/Object;)I @ 2
Event: 63.023 Thread 0x0000000019702800 Uncommon trap: reason=class_check action=maybe_recompile pc=0x0000000002f0e2f0 method=java.util.Collections$ReverseComparator.compare(Ljava/lang/Object;Ljava/lang/Object;)I @ 2
Event: 63.023 Thread 0x0000000019702800 Uncommon trap: reason=class_check action=maybe_recompile pc=0x0000000002f0e2f0 method=java.util.Collections$ReverseComparator.compare(Ljava/lang/Object;Ljava/lang/Object;)I @ 2
Event: 63.023 Thread 0x0000000019702800 Uncommon trap: reason=class_check action=maybe_recompile pc=0x0000000002f0e2f0 method=java.util.Collections$ReverseComparator.compare(Ljava/lang/Object;Ljava/lang/Object;)I @ 2
Event: 81.078 Thread 0x0000000019706000 Uncommon trap: reason=unstable_if action=reinterpret pc=0x0000000002ad71d4 method=com.hankcs.hanlp.suggest.scorer.editdistance.CharArray.compareTo(Lcom/hankcs/hanlp/suggest/scorer/editdistance/CharArray;)I @ 38
Event: 81.100 Thread 0x0000000019706000 Uncommon trap: reason=unstable_if action=reinterpret pc=0x0000000002b331b8 method=com.hankcs.hanlp.seg.common.WordNet.insert(ILcom/hankcs/hanlp/seg/common/Vertex;Lcom/hankcs/hanlp/seg/common/WordNet;)V @ 48

Internal exceptions (10 events):
Event: 45.515 Thread 0x0000000021279000 Exception <a 'java/security/PrivilegedActionException'> (0x00000000de727c40) thrown at [C:\re\workspace\8-2-build-windows-amd64-cygwin\jdk8u144\9417\hotspot\src\share\vm\prims\jvm.cpp, line 1390]
Event: 45.515 Thread 0x0000000021279000 Exception <a 'java/security/PrivilegedActionException'> (0x00000000de732958) thrown at [C:\re\workspace\8-2-build-windows-amd64-cygwin\jdk8u144\9417\hotspot\src\share\vm\prims\jvm.cpp, line 1390]
Event: 45.515 Thread 0x0000000021279000 Exception <a 'java/security/PrivilegedActionException'> (0x00000000de732d50) thrown at [C:\re\workspace\8-2-build-windows-amd64-cygwin\jdk8u144\9417\hotspot\src\share\vm\prims\jvm.cpp, line 1390]
Event: 45.516 Thread 0x0000000021279000 Exception <a 'java/security/PrivilegedActionException'> (0x00000000de73d770) thrown at [C:\re\workspace\8-2-build-windows-amd64-cygwin\jdk8u144\9417\hotspot\src\share\vm\prims\jvm.cpp, line 1390]
Event: 45.516 Thread 0x0000000021279000 Exception <a 'java/security/PrivilegedActionException'> (0x00000000de73db68) thrown at [C:\re\workspace\8-2-build-windows-amd64-cygwin\jdk8u144\9417\hotspot\src\share\vm\prims\jvm.cpp, line 1390]
Event: 45.516 Thread 0x0000000021279000 Exception <a 'java/security/PrivilegedActionException'> (0x00000000de748ab0) thrown at [C:\re\workspace\8-2-build-windows-amd64-cygwin\jdk8u144\9417\hotspot\src\share\vm\prims\jvm.cpp, line 1390]
Event: 45.516 Thread 0x0000000021279000 Exception <a 'java/security/PrivilegedActionException'> (0x00000000de748ea8) thrown at [C:\re\workspace\8-2-build-windows-amd64-cygwin\jdk8u144\9417\hotspot\src\share\vm\prims\jvm.cpp, line 1390]
Event: 45.516 Thread 0x0000000021279000 Exception <a 'java/security/PrivilegedActionException'> (0x00000000de753d80) thrown at [C:\re\workspace\8-2-build-windows-amd64-cygwin\jdk8u144\9417\hotspot\src\share\vm\prims\jvm.cpp, line 1390]
Event: 45.516 Thread 0x0000000021279000 Exception <a 'java/security/PrivilegedActionException'> (0x00000000de754178) thrown at [C:\re\workspace\8-2-build-windows-amd64-cygwin\jdk8u144\9417\hotspot\src\share\vm\prims\jvm.cpp, line 1390]
Event: 61.010 Thread 0x0000000019702800 Implicit null exception at 0x0000000003bef633 to 0x0000000003beff35

Events (10 events):
Event: 81.440 Thread 0x0000000019706000 DEOPT PACKING pc=0x0000000003de86f9 sp=0x000000002287c290
Event: 81.440 Thread 0x0000000019706000 DEOPT UNPACKING pc=0x00000000028c787f sp=0x000000002287c0f0 mode 0
Event: 81.449 Thread 0x0000000019706000 DEOPT PACKING pc=0x0000000003de86f9 sp=0x000000002287c290
Event: 81.449 Thread 0x0000000019706000 DEOPT UNPACKING pc=0x00000000028c787f sp=0x000000002287c0f0 mode 0
Event: 81.457 Thread 0x0000000019706000 DEOPT PACKING pc=0x0000000003de86f9 sp=0x000000002287c290
Event: 81.457 Thread 0x0000000019706000 DEOPT UNPACKING pc=0x00000000028c787f sp=0x000000002287c0f0 mode 0
Event: 81.475 Thread 0x0000000019706000 DEOPT PACKING pc=0x0000000003de86f9 sp=0x000000002287c290
Event: 81.475 Thread 0x0000000019706000 DEOPT UNPACKING pc=0x00000000028c787f sp=0x000000002287c0f0 mode 0
Event: 81.739 Executing VM operation: ParallelGCFailedAllocation
Event: 81.750 Executing VM operation: ParallelGCFailedAllocation done


Dynamic libraries:
0x00007ff6455c0000 - 0x00007ff6455f7000 	C:\Program Files\Java\jdk1.8.0_144\bin\javaw.exe
0x00007ffee4ab0000 - 0x00007ffee4c9d000 	C:\Windows\SYSTEM32\ntdll.dll
0x00007ffee33b0000 - 0x00007ffee3463000 	C:\Windows\System32\KERNEL32.DLL
0x00007ffee0fa0000 - 0x00007ffee1233000 	C:\Windows\System32\KERNELBASE.dll
0x00007ffee3300000 - 0x00007ffee33a3000 	C:\Windows\System32\ADVAPI32.dll
0x00007ffee4270000 - 0x00007ffee430e000 	C:\Windows\System32\msvcrt.dll
0x00007ffee3fe0000 - 0x00007ffee407e000 	C:\Windows\System32\sechost.dll
0x00007ffee1ce0000 - 0x00007ffee1e02000 	C:\Windows\System32\RPCRT4.dll
0x00007ffee3af0000 - 0x00007ffee3c87000 	C:\Windows\System32\USER32.dll
0x00007ffee0f50000 - 0x00007ffee0f70000 	C:\Windows\System32\win32u.dll
0x00007ffee4a40000 - 0x00007ffee4a69000 	C:\Windows\System32\GDI32.dll
0x00007ffee1a60000 - 0x00007ffee1bf9000 	C:\Windows\System32\gdi32full.dll
0x00007ffee0cd0000 - 0x00007ffee0d70000 	C:\Windows\System32\msvcp_win.dll
0x00007ffee0b80000 - 0x00007ffee0c7a000 	C:\Windows\System32\ucrtbase.dll
0x00007ffec59f0000 - 0x00007ffec5c69000 	C:\Windows\WinSxS\amd64_microsoft.windows.common-controls_6595b64144ccf1df_6.0.17763.678_none_05b74150071d72bf\COMCTL32.dll
0x00007ffee37c0000 - 0x00007ffee3aec000 	C:\Windows\System32\combase.dll
0x00007ffee1c60000 - 0x00007ffee1cde000 	C:\Windows\System32\bcryptPrimitives.dll
0x00007ffee4980000 - 0x00007ffee49ae000 	C:\Windows\System32\IMM32.DLL
0x0000000059360000 - 0x0000000059432000 	C:\Program Files\Java\jdk1.8.0_144\jre\bin\msvcr100.dll
0x0000000059550000 - 0x0000000059ded000 	C:\Program Files\Java\jdk1.8.0_144\jre\bin\server\jvm.dll
0x00007ffee4a70000 - 0x00007ffee4a78000 	C:\Windows\System32\PSAPI.DLL
0x00007ffed07c0000 - 0x00007ffed07ca000 	C:\Windows\SYSTEM32\VERSION.dll
0x00007ffed9880000 - 0x00007ffed98a4000 	C:\Windows\SYSTEM32\WINMM.dll
0x00007ffed9960000 - 0x00007ffed9969000 	C:\Windows\SYSTEM32\WSOCK32.dll
0x00007ffee49d0000 - 0x00007ffee4a3d000 	C:\Windows\System32\WS2_32.dll
0x00007ffed9850000 - 0x00007ffed987d000 	C:\Windows\SYSTEM32\winmmbase.dll
0x00007ffee0c80000 - 0x00007ffee0cca000 	C:\Windows\System32\cfgmgr32.dll
0x0000000059540000 - 0x000000005954f000 	C:\Program Files\Java\jdk1.8.0_144\jre\bin\verify.dll
0x0000000059510000 - 0x0000000059539000 	C:\Program Files\Java\jdk1.8.0_144\jre\bin\java.dll
0x00000000594c0000 - 0x00000000594d6000 	C:\Program Files\Java\jdk1.8.0_144\jre\bin\zip.dll
0x00007ffee1e10000 - 0x00007ffee3300000 	C:\Windows\System32\SHELL32.dll
0x00007ffee41c0000 - 0x00007ffee4268000 	C:\Windows\System32\shcore.dll
0x00007ffee1240000 - 0x00007ffee198a000 	C:\Windows\System32\windows.storage.dll
0x00007ffee0b50000 - 0x00007ffee0b74000 	C:\Windows\System32\profapi.dll
0x00007ffee0ad0000 - 0x00007ffee0b2d000 	C:\Windows\System32\powrprof.dll
0x00007ffee3dc0000 - 0x00007ffee3e12000 	C:\Windows\System32\shlwapi.dll
0x00007ffee0b30000 - 0x00007ffee0b41000 	C:\Windows\System32\kernel.appcore.dll
0x00007ffee1990000 - 0x00007ffee19a7000 	C:\Windows\System32\cryptsp.dll
0x0000000059350000 - 0x000000005935d000 	C:\Program Files\Java\jdk1.8.0_144\jre\bin\management.dll
0x00000000594a0000 - 0x00000000594ba000 	C:\Program Files\Java\jdk1.8.0_144\jre\bin\net.dll
0x00007ffee02b0000 - 0x00007ffee0317000 	C:\Windows\system32\mswsock.dll
0x00007ffebe930000 - 0x00007ffebe946000 	C:\Windows\system32\napinsp.dll
0x00007ffebe910000 - 0x00007ffebe92a000 	C:\Windows\system32\pnrpnsp.dll
0x00007ffee0010000 - 0x00007ffee00d6000 	C:\Windows\SYSTEM32\DNSAPI.dll
0x00007ffee3fd0000 - 0x00007ffee3fd8000 	C:\Windows\System32\NSI.dll
0x00007ffedffd0000 - 0x00007ffee000d000 	C:\Windows\SYSTEM32\IPHLPAPI.DLL
0x00007ffebe5b0000 - 0x00007ffebe5be000 	C:\Windows\System32\winrnr.dll
0x00007ffed0cb0000 - 0x00007ffed0ccb000 	C:\Windows\system32\NLAapi.dll
0x00007ffed5410000 - 0x00007ffed5425000 	C:\Windows\system32\wshbth.dll
0x00007ffecd3c0000 - 0x00007ffecd3ca000 	C:\Windows\System32\rasadhlp.dll
0x00007ffecd860000 - 0x00007ffecd8d9000 	C:\Windows\System32\fwpuclnt.dll
0x00007ffee0f70000 - 0x00007ffee0f96000 	C:\Windows\System32\bcrypt.dll
0x0000000059480000 - 0x0000000059491000 	C:\Program Files\Java\jdk1.8.0_144\jre\bin\nio.dll
0x0000000059450000 - 0x0000000059474000 	C:\Program Files\Java\jdk1.8.0_144\jre\bin\sunec.dll
0x00007ffed0580000 - 0x00007ffed0596000 	C:\Windows\SYSTEM32\dhcpcsvc6.DLL
0x00007ffed0730000 - 0x00007ffed074c000 	C:\Windows\SYSTEM32\dhcpcsvc.DLL
0x00007ffedfe30000 - 0x00007ffedfe63000 	C:\Windows\system32\rsaenh.dll
0x00007ffee0940000 - 0x00007ffee0968000 	C:\Windows\SYSTEM32\USERENV.dll
0x00007ffee0480000 - 0x00007ffee048c000 	C:\Windows\SYSTEM32\CRYPTBASE.dll

VM Arguments:
jvm_args: -Dmaven.multiModuleProjectDirectory=MAVEN_HOME -Dfile.encoding=UTF-8 
java_command: com.chinasofiti.Application
java_class_path (initial): C:\Users\Bo\eclipse-workspace\NewsSystem-parent\NewsSystem-web\target\classes;D:\repository\wx-1.0.jar;D:\repository\wx-1.0-jar-with-dependencies.jar;D:\repository\wx-1.0-sources.jar;C:\Users\Bo\eclipse-workspace\NewsSystem-parent\NewsSystem-service\target\classes;C:\Users\Bo\eclipse-workspace\NewsSystem-parent\NewsSystem-mapper\target\classes;D:\repository\commons-fileupload\commons-fileupload\1.3.1\commons-fileupload-1.3.1.jar;D:\repository\commons-io\commons-io\2.2\commons-io-2.2.jar;D:\repository\org\mybatis\spring\boot\mybatis-spring-boot-starter\2.0.1\mybatis-spring-boot-starter-2.0.1.jar;D:\repository\org\springframework\boot\spring-boot-starter\1.5.6.RELEASE\spring-boot-starter-1.5.6.RELEASE.jar;D:\repository\org\springframework\boot\spring-boot\1.5.6.RELEASE\spring-boot-1.5.6.RELEASE.jar;D:\repository\org\springframework\boot\spring-boot-autoconfigure\1.5.6.RELEASE\spring-boot-autoconfigure-1.5.6.RELEASE.jar;D:\repository\org\springframework\boot\spring-boot-starter-logging\1.5.6.RELEASE\spring-boot-starter-logging-1.5.6.RELEASE.jar;D:\repository\ch\qos\logback\logback-classic\1.1.11\logback-classic-1.1.11.jar;D:\repository\ch\qos\logback\logback-core\1.1.11\logback-core-1.1.11.jar;D:\repository\org\slf4j\jcl-over-slf4j\1.7.25\jcl-over-slf4j-1.7.25.jar;D:\repository\org\slf4j\jul-to-slf4j\1.7.25\jul-to-slf4j-1.7.25.jar;D:\repository\org\slf4j\log4j-over-slf4j\1.7.25\log4j-over-slf4j-1.7.25.jar;D:\repository\org\springframework\spring-core\4.3.10.RELEASE\spring-core-4.3.10.RELEASE.jar;D:\repository\org\yaml\snakeyaml\1.17\snakeyaml-1.17.jar;D:\repository\org\springframework\boot\spring-boot-starter-jdbc\1.5.6.RELEASE\spring-boot-starter-jdbc-1.5.6.RELEASE.jar;D:\repository\org\apache\tomcat\tomcat-jdbc\8.5.16\tomcat-jdbc-8.5.16.jar;D:\repository\org\apache\tomcat\tomcat-juli\8.5.16\tomcat-juli-8.5.16.jar;D:\repository\org\springframework\spring-jdbc\4.3.10.RELEASE\spring-jdbc-4.3.10.RELEASE.jar;D:\repository\org\springframework\s
Launcher Type: SUN_STANDARD

Environment Variables:
JAVA_HOME=C:\Program Files\Java\jdk1.8.0_144
CLASSPATH=.C:\Program Files\Java\jdk1.8.0_144\lib\dt.jar;C:\Program Files\Java\jdk1.8.0_144\lib\tools.jar
PATH=C:/Program Files/Java/jdk1.8.0_144/bin/../jre/bin/server;C:/Program Files/Java/jdk1.8.0_144/bin/../jre/bin;C:/Program Files/Java/jdk1.8.0_144/bin/../jre/lib/amd64;C:\Program Files\Java\jdk1.8.0_144\bin;C:\Program Files\Java\jdk1.8.0_144\jre\bin;C:\ProgramData\Oracle\Java\javapath;C:\Program Files (x86)\Common Files\Oracle\Java\javapath;C:\Windows\system32;C:\Windows;C:\Windows\System32\Wbem;C:\Windows\System32\WindowsPowerShell\v1.0\;C:\Windows\System32\OpenSSH\;C:\Program Files (x86)\NVIDIA Corporation\PhysX\Common;C:\Program Files\NVIDIA Corporation\NVIDIA NvDLISR;C:\Program Files\Intel\WiFi\bin\;C:\Program Files\Common Files\Intel\WirelessCommon\;D:\apache-tomcat-8.5.43\bin;D:\apache-tomcat-8.5.43\lib;C:\Program Files\MySQL\MySQL Server 8.0\bin;C:\Program Files (x86)\VisualSVN\bin;C:\Program Files\TortoiseSVN\bin;D:\apache-maven-3.6.1/bin;;D:\eclipse;
USERNAME=Bo
OS=Windows_NT
PROCESSOR_IDENTIFIER=Intel64 Family 6 Model 142 Stepping 12, GenuineIntel



---------------  S Y S T E M  ---------------

OS: Windows 10.0 , 64 bit Build 17763 (10.0.17763.475)

CPU:total 8 (initial active 8) (4 cores per cpu, 2 threads per core) family 6 model 142 stepping 12, cmov, cx8, fxsr, mmx, sse, sse2, sse3, ssse3, sse4.1, sse4.2, popcnt, avx, avx2, aes, clmul, erms, 3dnowpref, lzcnt, ht, tsc, tscinvbit, bmi1, bmi2, adx

Memory: 4k page, physical 8230644k(96556k free), swap 18716400k(6040k free)

vm_info: Java HotSpot(TM) 64-Bit Server VM (25.144-b01) for windows-amd64 JRE (1.8.0_144-b01), built on Jul 21 2017 21:57:33 by "java_re" with MS VC++ 10.0 (VS2010)

time: Tue Sep 10 16:07:00 2019
elapsed time: 90 seconds (0d 0h 1m 30s)

